<!DOCTYPE html>
<html>
<head>
    <title>Unittest Results</title>
    <meta charset="utf-8">
    <meta name="viewport" content="width=device-width, initial-scale=1.0">
    <link rel="stylesheet" href="https://maxcdn.bootstrapcdn.com/bootstrap/3.3.6/css/bootstrap.min.css" integrity="sha384-1q8mTJOASx8j1Au+a5WDVnPi2lkFfwwEAa8hDDdjZlpLegxhjVME1fgjWPGmkzs7" crossorigin="anonymous">
</head>
<body>
    <div class="container">
        <div class="row">
            <div class="col-xs-12">
                <h2 class="text-capitalize">Unittest Results</h2>
                <p class='attribute'><strong>Start Time: </strong>2022-04-27 22:12:29</p>
                <p class='attribute'><strong>Duration: </strong>9.45 s</p>
                <p class='attribute'><strong>Summary: </strong>Total: 3, Pass: 2, Error: 1</p>
            </div>
        </div>
        <div class="row">
            <div class="col-xs-12 col-sm-10 col-md-10">
                <table class='table table-hover table-responsive'>
                    <thead>
                        <tr>
                            <th>__main__.NroblueTest</th>
                            <th>Status</th>
                            <th></th>
                        </tr>
                    </thead>
                    <tbody>
                        <tr class='warning'>
                            <td class="col-xs-10">test_feedback</td>
                            <td class="col-xs-1">
                                <span class="label label-warning" style="display:block;width:40px;">Error</span>
                            </td>
                            <td class="col-xs-1">
                                <button class="btn btn-default btn-xs">View</button>
                            </td>
                        </tr>
                        <tr style="display:none;">
                            <td class="col-xs-9" colspan="3"><p style="color:maroon;">NoSuchElementException: Message: no such element: Unable to locate element: {"method":"xpath","selector":"//*[@id="pageHeader"]/div/div[2]/a"}
  (Session info: chrome=101.0.4951.41)
Stacktrace:
Backtrace:
	Ordinal0 [0x00B07413+2389011]
	Ordinal0 [0x00A99F61+1941345]
	Ordinal0 [0x0098C658+837208]
	Ordinal0 [0x009B91DD+1020381]
	Ordinal0 [0x009B949B+1021083]
	Ordinal0 [0x009E6032+1204274]
	Ordinal0 [0x009D4194+1130900]
	Ordinal0 [0x009E4302+1196802]
	Ordinal0 [0x009D3F66+1130342]
	Ordinal0 [0x009AE546+976198]
	Ordinal0 [0x009AF456+980054]
	GetHandleVerifier [0x00CB9632+1727522]
	GetHandleVerifier [0x00D6BA4D+2457661]
	GetHandleVerifier [0x00B9EB81+569713]
	GetHandleVerifier [0x00B9DD76+566118]
	Ordinal0 [0x00AA0B2B+1968939]
	Ordinal0 [0x00AA5988+1989000]
	Ordinal0 [0x00AA5A75+1989237]
	Ordinal0 [0x00AAECB1+2026673]
	BaseThreadInitThunk [0x76936739+25]
	RtlGetFullPathName_UEx [0x77D38E7F+1215]
	RtlGetFullPathName_UEx [0x77D38E4D+1165]
</p><p style="color:maroon;">Traceback (most recent call last):
  File "c:\Users\letie\PycharmProjects\PythonFinalTest1POM\testCases\test.py", line 35, in test_feedback
    feedback.test_feedback()
  File "C:\Users/letie/PycharmProjects/PythonFinalTest1POM\testCases\testFeedback.py", line 13, in test_feedback
    feedback.click_feedback()
  File "C:\Users/letie/PycharmProjects/PythonFinalTest1POM\pageObjects\FeedbackPage.py", line 8, in click_feedback
    self.driver.find_element_by_xpath(self.feedback_button_xpath).click()
  File "C:\Users\letie\AppData\Local\Programs\Python\Python310\lib\site-packages\selenium\webdriver\remote\webdriver.py", line 521, in find_element_by_xpath
    return self.find_element(by=By.XPATH, value=xpath)
  File "C:\Users\letie\AppData\Local\Programs\Python\Python310\lib\site-packages\selenium\webdriver\remote\webdriver.py", line 1248, in find_element
    return self.execute(Command.FIND_ELEMENT, {
  File "C:\Users\letie\AppData\Local\Programs\Python\Python310\lib\site-packages\selenium\webdriver\remote\webdriver.py", line 425, in execute
    self.error_handler.check_response(response)
  File "C:\Users\letie\AppData\Local\Programs\Python\Python310\lib\site-packages\selenium\webdriver\remote\errorhandler.py", line 247, in check_response
    raise exception_class(message, screen, stacktrace)
selenium.common.exceptions.NoSuchElementException: Message: no such element: Unable to locate element: {"method":"xpath","selector":"//*[@id="pageHeader"]/div/div[2]/a"}
  (Session info: chrome=101.0.4951.41)
Stacktrace:
Backtrace:
	Ordinal0 [0x00B07413+2389011]
	Ordinal0 [0x00A99F61+1941345]
	Ordinal0 [0x0098C658+837208]
	Ordinal0 [0x009B91DD+1020381]
	Ordinal0 [0x009B949B+1021083]
	Ordinal0 [0x009E6032+1204274]
	Ordinal0 [0x009D4194+1130900]
	Ordinal0 [0x009E4302+1196802]
	Ordinal0 [0x009D3F66+1130342]
	Ordinal0 [0x009AE546+976198]
	Ordinal0 [0x009AF456+980054]
	GetHandleVerifier [0x00CB9632+1727522]
	GetHandleVerifier [0x00D6BA4D+2457661]
	GetHandleVerifier [0x00B9EB81+569713]
	GetHandleVerifier [0x00B9DD76+566118]
	Ordinal0 [0x00AA0B2B+1968939]
	Ordinal0 [0x00AA5988+1989000]
	Ordinal0 [0x00AA5A75+1989237]
	Ordinal0 [0x00AAECB1+2026673]
	BaseThreadInitThunk [0x76936739+25]
	RtlGetFullPathName_UEx [0x77D38E7F+1215]
	RtlGetFullPathName_UEx [0x77D38E4D+1165]

</p>
                            </td>
                        </tr>
                        <tr class='success'>
                            <td class="col-xs-10">test_login</td>
                            <td class="col-xs-1">
                                <span class="label label-success" style="display:block;width:40px;">Pass</span>
                            </td>
                            <td class="col-xs-1">
                            </td>
                        </tr>
                        <tr class='success'>
                            <td class="col-xs-10">test_report</td>
                            <td class="col-xs-1">
                                <span class="label label-success" style="display:block;width:40px;">Pass</span>
                            </td>
                            <td class="col-xs-1">
                            </td>
                        </tr>
                        <tr>
                            <td colspan="3">
                                Total: 3, Pass: 2, Error: 1 -- Duration: 9.45 s
                            </td>
                        </tr>
                    </tbody>
                </table>
            </div>
        </div>
    </div>
    <script src="https://ajax.googleapis.com/ajax/libs/jquery/2.2.4/jquery.min.js"></script>
    <script type="text/javascript">
        $(document).ready(function(){
            $('td').on('click', '.btn', function(e){
                e.preventDefault();
                e.stopImmediatePropagation();
                var $this = $(this);
                var $nextRow = $this.closest('tr').next('tr');
                $nextRow.slideToggle("fast");
                $this.text(function(i, text){
                    if (text === 'View') {
                        return 'Hide';
                    } else {
                        return 'View';
                    };
                });
            });
        });
    </script>
</body>
</html